This is LuaHBTeX, Version 1.18.1 (MiKTeX 24.4) (format=lualatex 2024.7.29)  25 NOV 2024 09:48
 restricted system commands enabled.
**thk_latex-template_academic-theses.tex
(./thk_latex-template_academic-theses.tex
LaTeX2e <2024-06-01> patch level 2
L3 programming layer <2024-05-27>
Lua module: luaotfload 2024-02-14 3.28 Lua based OpenType font support
Lua module: lualibs 2023-07-13 2.76 ConTeXt Lua standard libraries.
Lua module: lualibs-extended 2023-07-13 2.76 ConTeXt Lua libraries -- extended c
ollection.
luaotfload | conf : Root cache directory is "C:/Users/aulrich1/AppData/Local/MiK
TeX/luatex-cache/generic/names".
luaotfload | init : Loading fontloader "fontloader-2023-12-28.lua" from kpse-res
olved path "C:/Program Files/MiKTeX/tex/luatex/luaotfload/fontloader-2023-12-28.
lua".
Lua-only attribute luaotfload@noligature = 1
luaotfload | init : Context OpenType loader version 3.134
Inserting `luaotfload.node_processor' in `pre_linebreak_filter'.
Inserting `luaotfload.node_processor' in `hpack_filter'.
Inserting `luaotfload.glyph_stream' in `glyph_stream_provider'.
Inserting `luaotfload.define_font' in `define_font'.
Lua-only attribute luaotfload_color_attribute = 2
luaotfload | conf : Root cache directory is "C:/Users/aulrich1/AppData/Local/MiK
TeX/luatex-cache/generic/names".
Inserting `luaotfload.harf.strip_prefix' in `find_opentype_file'.
Inserting `luaotfload.harf.strip_prefix' in `find_truetype_file'.
Removing  `luaotfload.glyph_stream' from `glyph_stream_provider'.
Inserting `luaotfload.harf.glyphstream' in `glyph_stream_provider'.
Inserting `luaotfload.harf.finalize_vlist' in `post_linebreak_filter'.
Inserting `luaotfload.harf.finalize_hlist' in `hpack_filter'.
Inserting `luaotfload.cleanup_files' in `wrapup_run'.
Inserting `luaotfload.harf.finalize_unicode' in `finish_pdffile'.
Inserting `luaotfload.glyphinfo' in `glyph_info'.
Lua-only attribute luaotfload.letterspace_done = 3
Inserting `luaotfload.aux.set_sscale_dimens' in `luaotfload.patch_font'.
Inserting `luaotfload.aux.set_font_index' in `luaotfload.patch_font'.
Inserting `luaotfload.aux.patch_cambria_domh' in `luaotfload.patch_font'.
Inserting `luaotfload.aux.fixup_fontdata' in `luaotfload.patch_font_unsafe'.
Inserting `luaotfload.aux.set_capheight' in `luaotfload.patch_font'.
Inserting `luaotfload.aux.set_xheight' in `luaotfload.patch_font'.
Inserting `luaotfload.rewrite_fontname' in `luaotfload.patch_font'.
Inserting `tracingstacklevels' in `input_level_string'. (C:/Users/aulrich1/AppD
ata/Roaming/MiKTeX/tex/latex/koma-script/scrreprt.cls
Document Class: scrreprt 2023/07/07 v3.41 KOMA-Script document class (report)
(C:/Users/aulrich1/AppData/Roaming/MiKTeX/tex/latex/koma-script/scrkbase.sty
Package: scrkbase 2023/07/07 v3.41 KOMA-Script package (KOMA-Script-dependent b
asics and keyval usage)

(C:/Users/aulrich1/AppData/Roaming/MiKTeX/tex/latex/koma-script/scrbase.sty
Package: scrbase 2023/07/07 v3.41 KOMA-Script package (KOMA-Script-independent 
basics and keyval usage)

(C:/Users/aulrich1/AppData/Roaming/MiKTeX/tex/latex/koma-script/scrlfile.sty
Package: scrlfile 2023/07/07 v3.41 KOMA-Script package (file load hooks)

(C:/Users/aulrich1/AppData/Roaming/MiKTeX/tex/latex/koma-script/scrlfile-hook.s
ty
Package: scrlfile-hook 2023/07/07 v3.41 KOMA-Script package (using LaTeX hooks)

 (C:/Users/aulrich1/AppData/Roaming/MiKTeX/tex/latex/koma-script/scrlogo.sty
Package: scrlogo 2023/07/07 v3.41 KOMA-Script package (logo)
))) ("C:/Program Files/MiKTeX/tex/latex/graphics/keyval.sty"
Package: keyval 2022/05/29 v1.15 key=value parser (DPC)
\KV@toks@=\toks17
)
Applying: [2021/05/01] Usage of raw or classic option list on input line 252.
Already applied: [0000/00/00] Usage of raw or classic option list on input line
 368.
))
(C:/Users/aulrich1/AppData/Roaming/MiKTeX/tex/latex/koma-script/tocbasic.sty
Package: tocbasic 2023/07/07 v3.41 KOMA-Script package (handling toc-files)
\scr@dte@tocline@numberwidth=\skip49
\scr@dte@tocline@numbox=\box52
)
Package tocbasic Info: omitting babel extension for `toc'
(tocbasic)             because of feature `nobabel' available
(tocbasic)             for `toc' on input line 135.
Class scrreprt Info: File `scrsize11pt.clo' used instead of
(scrreprt)           file `scrsize11.clo' to setup font sizes on input line 268
8.

(C:/Users/aulrich1/AppData/Roaming/MiKTeX/tex/latex/koma-script/scrsize11pt.clo
File: scrsize11pt.clo 2023/07/07 v3.41 KOMA-Script font size class option (11pt
)
luaotfload | db : Font names database loaded from C:/Users/aulrich1/AppData/Loca
l/MiKTeX/luatex-cache/generic/names/luaotfload-names.luc.gz) (C:/Users/aulrich1
/AppData/Roaming/MiKTeX/tex/latex/koma-script/typearea.sty
Package: typearea 2023/07/07 v3.41 KOMA-Script package (type area)
\ta@bcor=\skip50
\ta@div=\count192
\ta@hblk=\skip51
\ta@vblk=\skip52
\ta@temp=\skip53
\footheight=\skip54
Package typearea Info: These are the values describing the layout:
(typearea)             DIV  = 10
(typearea)             BCOR = 22.76219pt
(typearea)             \paperwidth      = 597.50793pt
(typearea)              \textwidth      = 402.32205pt
(typearea)              DIV departure   = -2%
(typearea)              \evensidemargin = 36.70404pt
(typearea)              \oddsidemargin  = 36.70404pt
(typearea)             \paperheight     = 845.04694pt
(typearea)              \textheight     = 555.00024pt
(typearea)              \topmargin      = 12.2347pt
(typearea)              \headheight     = 17.0pt
(typearea)              \headsep        = 20.40001pt
(typearea)              \topskip        = 11.0pt
(typearea)              \footskip       = 47.6pt
(typearea)              \baselineskip   = 13.6pt
(typearea)              on input line 1799.
)
\c@part=\count193
\c@chapter=\count194
\c@section=\count195
\c@subsection=\count196
\c@subsubsection=\count197
\c@paragraph=\count198
\c@subparagraph=\count199
\scr@dte@chapter@maxnumwidth=\skip55
Class scrreprt Info: using compatibility default `afterindent=bysign'
(scrreprt)           for `\chapter on input line 5994.
\scr@dte@section@maxnumwidth=\skip56
Class scrreprt Info: using compatibility default `runin=bysign'
(scrreprt)           for `\section on input line 6005.
Class scrreprt Info: using compatibility default `afterindent=bysign'
(scrreprt)           for `\section on input line 6005.
\scr@dte@part@maxnumwidth=\skip57
Class scrreprt Info: using compatibility default `afterindent=true'
(scrreprt)           for `\part on input line 6014.
\scr@dte@subsection@maxnumwidth=\skip58
Class scrreprt Info: using compatibility default `runin=bysign'
(scrreprt)           for `\subsection on input line 6024.
Class scrreprt Info: using compatibility default `afterindent=bysign'
(scrreprt)           for `\subsection on input line 6024.
\scr@dte@subsubsection@maxnumwidth=\skip59
Class scrreprt Info: using compatibility default `runin=bysign'
(scrreprt)           for `\subsubsection on input line 6034.
Class scrreprt Info: using compatibility default `afterindent=bysign'
(scrreprt)           for `\subsubsection on input line 6034.
\scr@dte@paragraph@maxnumwidth=\skip60
Class scrreprt Info: using compatibility default `runin=bysign'
(scrreprt)           for `\paragraph on input line 6045.
Class scrreprt Info: using compatibility default `afterindent=bysign'
(scrreprt)           for `\paragraph on input line 6045.
\scr@dte@subparagraph@maxnumwidth=\skip61
Class scrreprt Info: using compatibility default `runin=bysign'
(scrreprt)           for `\subparagraph on input line 6055.
Class scrreprt Info: using compatibility default `afterindent=bysign'
(scrreprt)           for `\subparagraph on input line 6055.
\abovecaptionskip=\skip62
\belowcaptionskip=\skip63
\c@pti@nb@sid@b@x=\box53
Package tocbasic Info: omitting babel extension for `lof'
(tocbasic)             because of feature `nobabel' available
(tocbasic)             for `lof' on input line 7240.
\scr@dte@figure@maxnumwidth=\skip64
\c@figure=\count266
Package tocbasic Info: omitting babel extension for `lot'
(tocbasic)             because of feature `nobabel' available
(tocbasic)             for `lot' on input line 7257.
\scr@dte@table@maxnumwidth=\skip65
\c@table=\count267
Class scrreprt Info: Redefining `\numberline' on input line 7428.
\bibindent=\dimen140
) (./packages.tex ("C:/Program Files/MiKTeX/tex/generic/iftex/ifluatex.sty"
Package: ifluatex 2019/10/25 v1.5 ifluatex legacy package. Use iftex instead.

("C:/Program Files/MiKTeX/tex/generic/iftex/iftex.sty"
Package: iftex 2022/02/03 v1.0f TeX engine tests
))
("C:/Program Files/MiKTeX/tex/generic/babel/babel.sty"
Package: babel 2024/06/26 v24.7 The Babel package

("C:/Program Files/MiKTeX/tex/generic/babel/luababel.def"
\bbl@readstream=\read2
\l@afrikaans=\language2
Package babel Info: Non-standard hyphenation setup on input line 118.
\l@ancientgreek=\language3
\l@armenian=\language4
\l@assamese=\language5
\l@basque=\language6
\l@belarusian=\language7
\l@bengali=\language8
\l@bokmal=\language9
\l@bulgarian=\language10
\l@catalan=\language11
\l@churchslavonic=\language12
\l@classiclatin=\language13
\l@coptic=\language14
\l@croatian=\language15
\l@czech=\language16
\l@danish=\language17
\l@dutch=\language18
\l@esperanto=\language19
\l@estonian=\language20
\l@ethiopic=\language21
\l@finnish=\language22
\l@french=\language23
\l@friulan=\language24
\l@galician=\language25
\l@georgian=\language26
\l@german=\language27
\l@greek=\language28
\l@gujarati=\language29
\l@hindi=\language30
\l@hungarian=\language31
\l@icelandic=\language32
\l@indonesian=\language33
\l@interlingua=\language34
\l@irish=\language35
\l@italian=\language36
\l@kannada=\language37
\l@kurmanji=\language38
\l@latin=\language39
\l@latvian=\language40
\l@lithuanian=\language41
\l@liturgicallatin=\language42
\l@macedonian=\language43
\l@malayalam=\language44
\l@marathi=\language45
\l@mongolian=\language46
\l@mongolianlmc=\language47
\l@monogreek=\language48
\l@ngerman=\language49
\l@nynorsk=\language50
\l@occitan=\language51
\l@oriya=\language52
\l@pali=\language53
\l@panjabi=\language54
\l@piedmontese=\language55
\l@polish=\language56
\l@portuguese=\language57
\l@romanian=\language58
\l@romansh=\language59
\l@russian=\language60
\l@sanskrit=\language61
\l@serbian=\language62
\l@serbianc=\language63
\l@slovak=\language64
\l@slovenian=\language65
\l@spanish=\language66
\l@swedish=\language67
\l@swissgerman=\language68
\l@tamil=\language69
\l@telugu=\language70
\l@thai=\language71
\l@turkish=\language72
\l@turkmen=\language73
\l@ukenglish=\language74
\l@ukrainian=\language75
\l@uppersorbian=\language76
\l@usenglishmax=\language77
\l@welsh=\language78
\babelcatcodetablenum=\catcodetable14
\bbl@pattcodes=\catcodetable15
)
\babel@savecnt=\count268
\U@D=\dimen141
\l@unhyphenated=\language79

("C:/Program Files/MiKTeX/tex/generic/babel/luababel.def"
\bbl@attr@locale=\attribute4
)
*************************************
* Local config file bblopts.cfg used
*
("C:/Program Files/MiKTeX/tex/latex/arabi/bblopts.cfg"
File: bblopts.cfg 2005/09/08 v0.1 add Arabic and Farsi to "declared" options of
 babel
)
("C:/Program Files/MiKTeX/tex/latex/babel-english/USenglish.ldf"
Language: USenglish 2017/06/06 v3.3r English support from the babel system

("C:/Program Files/MiKTeX/tex/latex/babel-english/english.ldf"
Language: english 2017/06/06 v3.3r English support from the babel system
Package babel Info: Hyphen rules for 'canadian' set to \l@english
(babel)             (\language0). Reported on input line 102.
Package babel Info: Hyphen rules for 'australian' set to \l@ukenglish
(babel)             (\language74). Reported on input line 105.
Package babel Info: Hyphen rules for 'newzealand' set to \l@ukenglish
(babel)             (\language74). Reported on input line 108.
)))
("C:/Program Files/MiKTeX/tex/generic/babel/locale/en/babel-usenglish.tex"
Package babel Info: Importing font and identification data for USenglish
(babel)             from babel-en-US.ini. Reported on input line 11.
)
("C:/Program Files/MiKTeX/tex/latex/fontspec/fontspec.sty"
("C:/Program Files/MiKTeX/tex/latex/l3packages/xparse/xparse.sty"
("C:/Program Files/MiKTeX/tex/latex/l3kernel/expl3.sty"
Package: expl3 2024-05-27 L3 programming layer (loader) 

("C:/Program Files/MiKTeX/tex/latex/l3backend/l3backend-luatex.def"
File: l3backend-luatex.def 2024-05-08 L3 backend support: PDF output (LuaTeX)
\l__color_backend_stack_int=\count269
Inserting `l3color' in `luaotfload.parse_color'.
\l__pdf_internal_box=\box54
))
Package: xparse 2024-05-08 L3 Experimental document command parser
)
Package: fontspec 2024/05/11 v2.9e Font selection for XeLaTeX and LuaLaTeX
Lua module: fontspec 2024/05/11 2.9e Font selection for XeLaTeX and LuaLaTeX
("C:/Program Files/MiKTeX/tex/latex/fontspec/fontspec-luatex.sty"
Package: fontspec-luatex 2024/05/11 v2.9e Font selection for XeLaTeX and LuaLaT
eX
\l__fontspec_script_int=\count270
\l__fontspec_language_int=\count271
\l__fontspec_strnum_int=\count272
\l__fontspec_tmp_int=\count273
\l__fontspec_tmpa_int=\count274
\l__fontspec_tmpb_int=\count275
\l__fontspec_tmpc_int=\count276
\l__fontspec_em_int=\count277
\l__fontspec_emdef_int=\count278
\l__fontspec_strong_int=\count279
\l__fontspec_strongdef_int=\count280
\l__fontspec_tmpa_dim=\dimen142
\l__fontspec_tmpb_dim=\dimen143
\l__fontspec_tmpc_dim=\dimen144

("C:/Program Files/MiKTeX/tex/latex/base/fontenc.sty"
Package: fontenc 2021/04/29 v2.0v Standard LaTeX package
)
("C:/Program Files/MiKTeX/tex/latex/fontspec/fontspec.cfg")))
(C:/Users/aulrich1/AppData/Roaming/MiKTeX/tex/lualatex/selnolig/selnolig.sty
=== Package selnolig, Version 0.302, Date 2015/10/26 ===
Package: selnolig 2015/10/26
(C:/Users/aulrich1/AppData/Roaming/MiKTeX/tex/luatex/luatexbase/luatexbase.sty
Package: luatexbase 2015/10/04 v1.3 luatexbase interface to LuaTeX 

(C:/Users/aulrich1/AppData/Roaming/MiKTeX/tex/luatex/ctablestack/ctablestack.st
y
Package: ctablestack 2015/10/01 v1.0 Catcode table stable support
\@catcodetablestackcnt=\count281
)
\CatcodeTableOther=\catcodetable16
\CatcodeTableExpl=\catcodetable17
)
Inserting `Suppress ligatures selectively' in `ligaturing'.
(C:/Users/aulrich1/AppData/Roaming/MiKTeX/tex/lualatex/selnolig/selnolig-englis
h-patterns.sty
Package: selnolig-english-patterns 2015/10/26
)
(C:/Users/aulrich1/AppData/Roaming/MiKTeX/tex/lualatex/selnolig/selnolig-englis
h-hyphex.sty
Package: selnolig-english-hyphex 2015/10/26
))
(C:/Users/aulrich1/AppData/Roaming/MiKTeX/tex/latex/csquotes/csquotes.sty
Package: csquotes 2024-04-04 v5.2o context-sensitive quotations (JAW)

("C:/Program Files/MiKTeX/tex/latex/etoolbox/etoolbox.sty"
Package: etoolbox 2020/10/05 v2.5k e-TeX tools for LaTeX (JAW)
\etb@tempcnta=\count282
)
\csq@reset=\count283
\csq@gtype=\count284
\csq@glevel=\count285
\csq@qlevel=\count286
\csq@maxlvl=\count287
\csq@tshold=\count288
\csq@ltx@everypar=\toks18

(C:/Users/aulrich1/AppData/Roaming/MiKTeX/tex/latex/csquotes/csquotes.def
File: csquotes.def 2024-04-04 v5.2o csquotes generic definitions (JAW)
)
Package csquotes Info: Trying to load configuration file 'csquotes.cfg'...
Package csquotes Info: ... configuration file loaded successfully.

(C:/Users/aulrich1/AppData/Roaming/MiKTeX/tex/latex/csquotes/csquotes.cfg
File: csquotes.cfg 
))
(C:/Users/aulrich1/AppData/Roaming/MiKTeX/tex/latex/koma-script/scrlayer-scrpag
e.sty
Package: scrlayer-scrpage 2023/07/07 v3.41 KOMA-Script package (end user interf
ace for scrlayer)

(C:/Users/aulrich1/AppData/Roaming/MiKTeX/tex/latex/koma-script/scrlayer.sty
Package: scrlayer 2023/07/07 v3.41 KOMA-Script package (defining layers and pag
e styles)
Package scrlayer Info: patching LaTeX kernel macro \pagestyle on input line 218
3.
)
1: section
1: chapter
1: chapter
1: section
Package scrlayer-scrpage Info: Makeing stand-alone element `pagehead' from
(scrlayer-scrpage)             alias to `pageheadfoot' on input line 1106.
)
1: section
1: chapter
1: chapter
1: section
(C:/Users/aulrich1/AppData/Roaming/MiKTeX/tex/latex/microtype/microtype.sty
Package: microtype 2024/03/29 v3.1b Micro-typographical refinements (RS)
\MT@toks=\toks19
\MT@tempbox=\box55
\MT@count=\count289
LaTeX Info: Redefining \noprotrusionifhmode on input line 1061.
LaTeX Info: Redefining \leftprotrusion on input line 1062.
\MT@prot@toks=\toks20
LaTeX Info: Redefining \rightprotrusion on input line 1081.
LaTeX Info: Redefining \textls on input line 1392.
\MT@outer@kern=\dimen145
LaTeX Info: Redefining \textmicrotypecontext on input line 2013.
\MT@listname@count=\count290

(C:/Users/aulrich1/AppData/Roaming/MiKTeX/tex/latex/microtype/microtype-luatex.
def
File: microtype-luatex.def 2024/03/29 v3.1b Definitions specific to luatex (RS)

Lua module: microtype 2024/03/29 3.1b microtype module.
Module microtype Info: overwriting function `keepligature' on input line 63
LaTeX Info: Redefining \lsstyle on input line 693.
LaTeX Info: Redefining \lslig on input line 693.
\MT@outer@space=\skip66
)
Package microtype Info: Loading configuration file microtype.cfg.

(C:/Users/aulrich1/AppData/Roaming/MiKTeX/tex/latex/microtype/microtype.cfg
File: microtype.cfg 2024/03/29 v3.1b microtype main configuration file (RS)
))
("C:/Program Files/MiKTeX/tex/latex/pgf/frontendlayer/tikz.sty"
("C:/Program Files/MiKTeX/tex/latex/pgf/basiclayer/pgf.sty"
("C:/Program Files/MiKTeX/tex/latex/pgf/utilities/pgfrcs.sty"
("C:/Program Files/MiKTeX/tex/generic/pgf/utilities/pgfutil-common.tex"
\pgfutil@everybye=\toks21
\pgfutil@tempdima=\dimen146
\pgfutil@tempdimb=\dimen147
)
("C:/Program Files/MiKTeX/tex/generic/pgf/utilities/pgfutil-latex.def"
\pgfutil@abb=\box56
)
("C:/Program Files/MiKTeX/tex/generic/pgf/utilities/pgfrcs.code.tex"
("C:/Program Files/MiKTeX/tex/generic/pgf/pgf.revision.tex")
Package: pgfrcs 2023-01-15 v3.1.10 (3.1.10)
))
Package: pgf 2023-01-15 v3.1.10 (3.1.10)

("C:/Program Files/MiKTeX/tex/latex/pgf/basiclayer/pgfcore.sty"
("C:/Program Files/MiKTeX/tex/latex/graphics/graphicx.sty"
Package: graphicx 2021/09/16 v1.2d Enhanced LaTeX Graphics (DPC,SPQR)

("C:/Program Files/MiKTeX/tex/latex/graphics/graphics.sty"
Package: graphics 2024/05/23 v1.4g Standard LaTeX Graphics (DPC,SPQR)

("C:/Program Files/MiKTeX/tex/latex/graphics/trig.sty"
Package: trig 2023/12/02 v1.11 sin cos tan (DPC)
)
("C:/Program Files/MiKTeX/tex/latex/graphics-cfg/graphics.cfg"
File: graphics.cfg 2016/06/04 v1.11 sample graphics configuration
)
Package graphics Info: Driver file: luatex.def on input line 106.

("C:/Program Files/MiKTeX/tex/latex/graphics-def/luatex.def"
File: luatex.def 2024/04/13 v1.2e Graphics/color driver for luatex
))
\Gin@req@height=\dimen148
\Gin@req@width=\dimen149
)
("C:/Program Files/MiKTeX/tex/latex/pgf/systemlayer/pgfsys.sty"
("C:/Program Files/MiKTeX/tex/generic/pgf/systemlayer/pgfsys.code.tex"
Package: pgfsys 2023-01-15 v3.1.10 (3.1.10)

("C:/Program Files/MiKTeX/tex/generic/pgf/utilities/pgfkeys.code.tex"
\pgfkeys@pathtoks=\toks22
\pgfkeys@temptoks=\toks23

("C:/Program Files/MiKTeX/tex/generic/pgf/utilities/pgfkeyslibraryfiltered.code
.tex"
\pgfkeys@tmptoks=\toks24
))
\pgf@x=\dimen150
\pgf@y=\dimen151
\pgf@xa=\dimen152
\pgf@ya=\dimen153
\pgf@xb=\dimen154
\pgf@yb=\dimen155
\pgf@xc=\dimen156
\pgf@yc=\dimen157
\pgf@xd=\dimen158
\pgf@yd=\dimen159
\w@pgf@writea=\write3
\r@pgf@reada=\read3
\c@pgf@counta=\count291
\c@pgf@countb=\count292
\c@pgf@countc=\count293
\c@pgf@countd=\count294
\t@pgf@toka=\toks25
\t@pgf@tokb=\toks26
\t@pgf@tokc=\toks27
\pgf@sys@id@count=\count295
 ("C:/Program Files/MiKTeX/tex/generic/pgf/systemlayer/pgf.cfg"
File: pgf.cfg 2023-01-15 v3.1.10 (3.1.10)
)
Driver file for pgf: pgfsys-luatex.def

("C:/Program Files/MiKTeX/tex/generic/pgf/systemlayer/pgfsys-luatex.def"
File: pgfsys-luatex.def 2023-01-15 v3.1.10 (3.1.10)

("C:/Program Files/MiKTeX/tex/generic/pgf/systemlayer/pgfsys-common-pdf.def"
File: pgfsys-common-pdf.def 2023-01-15 v3.1.10 (3.1.10)
))) ("C:/Program Files/MiKTeX/tex/generic/pgf/systemlayer/pgfsyssoftpath.code.t
ex"
File: pgfsyssoftpath.code.tex 2023-01-15 v3.1.10 (3.1.10)
\pgfsyssoftpath@smallbuffer@items=\count296
\pgfsyssoftpath@bigbuffer@items=\count297
) ("C:/Program Files/MiKTeX/tex/generic/pgf/systemlayer/pgfsysprotocol.code.tex
"
File: pgfsysprotocol.code.tex 2023-01-15 v3.1.10 (3.1.10)
)) ("C:/Program Files/MiKTeX/tex/latex/xcolor/xcolor.sty"
Package: xcolor 2023/11/15 v3.01 LaTeX color extensions (UK)

("C:/Program Files/MiKTeX/tex/latex/graphics-cfg/color.cfg"
File: color.cfg 2016/01/02 v1.6 sample color configuration
)
Package xcolor Info: Driver file: luatex.def on input line 274.

("C:/Program Files/MiKTeX/tex/latex/graphics/mathcolor.ltx")
Package xcolor Info: Model `cmy' substituted by `cmy0' on input line 1350.
Package xcolor Info: Model `hsb' substituted by `rgb' on input line 1354.
Package xcolor Info: Model `RGB' extended on input line 1366.
Package xcolor Info: Model `HTML' substituted by `rgb' on input line 1368.
Package xcolor Info: Model `Hsb' substituted by `hsb' on input line 1369.
Package xcolor Info: Model `tHsb' substituted by `hsb' on input line 1370.
Package xcolor Info: Model `HSB' substituted by `hsb' on input line 1371.
Package xcolor Info: Model `Gray' substituted by `gray' on input line 1372.
Package xcolor Info: Model `wave' substituted by `hsb' on input line 1373.
)
("C:/Program Files/MiKTeX/tex/generic/pgf/basiclayer/pgfcore.code.tex"
Package: pgfcore 2023-01-15 v3.1.10 (3.1.10)

("C:/Program Files/MiKTeX/tex/generic/pgf/math/pgfmath.code.tex"
("C:/Program Files/MiKTeX/tex/generic/pgf/math/pgfmathutil.code.tex")
("C:/Program Files/MiKTeX/tex/generic/pgf/math/pgfmathparser.code.tex"
\pgfmath@dimen=\dimen160
\pgfmath@count=\count298
\pgfmath@box=\box57
\pgfmath@toks=\toks28
\pgfmath@stack@operand=\toks29
\pgfmath@stack@operation=\toks30
)
("C:/Program Files/MiKTeX/tex/generic/pgf/math/pgfmathfunctions.code.tex")
("C:/Program Files/MiKTeX/tex/generic/pgf/math/pgfmathfunctions.basic.code.tex"
)
("C:/Program Files/MiKTeX/tex/generic/pgf/math/pgfmathfunctions.trigonometric.c
ode.tex")
("C:/Program Files/MiKTeX/tex/generic/pgf/math/pgfmathfunctions.random.code.tex
")
("C:/Program Files/MiKTeX/tex/generic/pgf/math/pgfmathfunctions.comparison.code
.tex")
("C:/Program Files/MiKTeX/tex/generic/pgf/math/pgfmathfunctions.base.code.tex") ("C:/Program Files/MiKTeX/tex/generic/pgf/math/pgfmathfunctions.round.code.tex") ("C:/Program Files/MiKTeX/tex/generic/pgf/math/pgfmathfunctions.misc.code.tex")
("C:/Program Files/MiKTeX/tex/generic/pgf/math/pgfmathfunctions.integerarithmet
ics.code.tex")
("C:/Program Files/MiKTeX/tex/generic/pgf/math/pgfmathcalc.code.tex")
("C:/Program Files/MiKTeX/tex/generic/pgf/math/pgfmathfloat.code.tex"
\c@pgfmathroundto@lastzeros=\count299
))
("C:/Program Files/MiKTeX/tex/generic/pgf/math/pgfint.code.tex")
("C:/Program Files/MiKTeX/tex/generic/pgf/basiclayer/pgfcorepoints.code.tex"
File: pgfcorepoints.code.tex 2023-01-15 v3.1.10 (3.1.10)
\pgf@picminx=\dimen161
\pgf@picmaxx=\dimen162
\pgf@picminy=\dimen163
\pgf@picmaxy=\dimen164
\pgf@pathminx=\dimen165
\pgf@pathmaxx=\dimen166
\pgf@pathminy=\dimen167
\pgf@pathmaxy=\dimen168
\pgf@xx=\dimen169
\pgf@xy=\dimen170
\pgf@yx=\dimen171
\pgf@yy=\dimen172
\pgf@zx=\dimen173
\pgf@zy=\dimen174
)
("C:/Program Files/MiKTeX/tex/generic/pgf/basiclayer/pgfcorepathconstruct.code.
tex"
File: pgfcorepathconstruct.code.tex 2023-01-15 v3.1.10 (3.1.10)
\pgf@path@lastx=\dimen175
\pgf@path@lasty=\dimen176
)
("C:/Program Files/MiKTeX/tex/generic/pgf/basiclayer/pgfcorepathusage.code.tex"
File: pgfcorepathusage.code.tex 2023-01-15 v3.1.10 (3.1.10)
\pgf@shorten@end@additional=\dimen177
\pgf@shorten@start@additional=\dimen178
) ("C:/Program Files/MiKTeX/tex/generic/pgf/basiclayer/pgfcorescopes.code.tex"
File: pgfcorescopes.code.tex 2023-01-15 v3.1.10 (3.1.10)
\pgfpic=\box58
\pgf@hbox=\box59
\pgf@layerbox@main=\box60
\pgf@picture@serial@count=\count300
)
("C:/Program Files/MiKTeX/tex/generic/pgf/basiclayer/pgfcoregraphicstate.code.t
ex"
File: pgfcoregraphicstate.code.tex 2023-01-15 v3.1.10 (3.1.10)
\pgflinewidth=\dimen179
)
("C:/Program Files/MiKTeX/tex/generic/pgf/basiclayer/pgfcoretransformations.cod
e.tex"
File: pgfcoretransformations.code.tex 2023-01-15 v3.1.10 (3.1.10)
\pgf@pt@x=\dimen180
\pgf@pt@y=\dimen181
\pgf@pt@temp=\dimen182
)
("C:/Program Files/MiKTeX/tex/generic/pgf/basiclayer/pgfcorequick.code.tex"
File: pgfcorequick.code.tex 2023-01-15 v3.1.10 (3.1.10)
)
("C:/Program Files/MiKTeX/tex/generic/pgf/basiclayer/pgfcoreobjects.code.tex"
File: pgfcoreobjects.code.tex 2023-01-15 v3.1.10 (3.1.10)
)
("C:/Program Files/MiKTeX/tex/generic/pgf/basiclayer/pgfcorepathprocessing.code
.tex"
File: pgfcorepathprocessing.code.tex 2023-01-15 v3.1.10 (3.1.10)
)
("C:/Program Files/MiKTeX/tex/generic/pgf/basiclayer/pgfcorearrows.code.tex"
File: pgfcorearrows.code.tex 2023-01-15 v3.1.10 (3.1.10)
\pgfarrowsep=\dimen183
)
("C:/Program Files/MiKTeX/tex/generic/pgf/basiclayer/pgfcoreshade.code.tex"
File: pgfcoreshade.code.tex 2023-01-15 v3.1.10 (3.1.10)
\pgf@max=\dimen184
\pgf@sys@shading@range@num=\count301
\pgf@shadingcount=\count302
)
("C:/Program Files/MiKTeX/tex/generic/pgf/basiclayer/pgfcoreimage.code.tex"
File: pgfcoreimage.code.tex 2023-01-15 v3.1.10 (3.1.10)
)
("C:/Program Files/MiKTeX/tex/generic/pgf/basiclayer/pgfcoreexternal.code.tex"
File: pgfcoreexternal.code.tex 2023-01-15 v3.1.10 (3.1.10)
\pgfexternal@startupbox=\box61
) ("C:/Program Files/MiKTeX/tex/generic/pgf/basiclayer/pgfcorelayers.code.tex"
File: pgfcorelayers.code.tex 2023-01-15 v3.1.10 (3.1.10)
)
("C:/Program Files/MiKTeX/tex/generic/pgf/basiclayer/pgfcoretransparency.code.t
ex"
File: pgfcoretransparency.code.tex 2023-01-15 v3.1.10 (3.1.10)
)
("C:/Program Files/MiKTeX/tex/generic/pgf/basiclayer/pgfcorepatterns.code.tex"
File: pgfcorepatterns.code.tex 2023-01-15 v3.1.10 (3.1.10)
) ("C:/Program Files/MiKTeX/tex/generic/pgf/basiclayer/pgfcorerdf.code.tex"
File: pgfcorerdf.code.tex 2023-01-15 v3.1.10 (3.1.10)
)))
("C:/Program Files/MiKTeX/tex/generic/pgf/modules/pgfmoduleshapes.code.tex"
File: pgfmoduleshapes.code.tex 2023-01-15 v3.1.10 (3.1.10)
\pgfnodeparttextbox=\box62
)
("C:/Program Files/MiKTeX/tex/generic/pgf/modules/pgfmoduleplot.code.tex"
File: pgfmoduleplot.code.tex 2023-01-15 v3.1.10 (3.1.10)
)
("C:/Program Files/MiKTeX/tex/latex/pgf/compatibility/pgfcomp-version-0-65.sty"
Package: pgfcomp-version-0-65 2023-01-15 v3.1.10 (3.1.10)
\pgf@nodesepstart=\dimen185
\pgf@nodesepend=\dimen186
) ("C:/Program Files/MiKTeX/tex/latex/pgf/compatibility/pgfcomp-version-1-18.st
y"
Package: pgfcomp-version-1-18 2023-01-15 v3.1.10 (3.1.10)
)) ("C:/Program Files/MiKTeX/tex/latex/pgf/utilities/pgffor.sty"
("C:/Program Files/MiKTeX/tex/latex/pgf/utilities/pgfkeys.sty"
("C:/Program Files/MiKTeX/tex/generic/pgf/utilities/pgfkeys.code.tex"))
("C:/Program Files/MiKTeX/tex/latex/pgf/math/pgfmath.sty"
("C:/Program Files/MiKTeX/tex/generic/pgf/math/pgfmath.code.tex"))
("C:/Program Files/MiKTeX/tex/generic/pgf/utilities/pgffor.code.tex"
Package: pgffor 2023-01-15 v3.1.10 (3.1.10)
\pgffor@iter=\dimen187
\pgffor@skip=\dimen188
\pgffor@stack=\toks31
\pgffor@toks=\toks32
))
("C:/Program Files/MiKTeX/tex/generic/pgf/frontendlayer/tikz/tikz.code.tex"
Package: tikz 2023-01-15 v3.1.10 (3.1.10)

("C:/Program Files/MiKTeX/tex/generic/pgf/libraries/pgflibraryplothandlers.code
.tex"
File: pgflibraryplothandlers.code.tex 2023-01-15 v3.1.10 (3.1.10)
\pgf@plot@mark@count=\count303
\pgfplotmarksize=\dimen189
)
\tikz@lastx=\dimen190
\tikz@lasty=\dimen191
\tikz@lastxsaved=\dimen192
\tikz@lastysaved=\dimen193
\tikz@lastmovetox=\dimen194
\tikz@lastmovetoy=\dimen195
\tikzleveldistance=\dimen196
\tikzsiblingdistance=\dimen197
\tikz@figbox=\box63
\tikz@figbox@bg=\box64
\tikz@tempbox=\box65
\tikz@tempbox@bg=\box66
\tikztreelevel=\count304
\tikznumberofchildren=\count305
\tikznumberofcurrentchild=\count306
\tikz@fig@count=\count307

("C:/Program Files/MiKTeX/tex/generic/pgf/modules/pgfmodulematrix.code.tex"
File: pgfmodulematrix.code.tex 2023-01-15 v3.1.10 (3.1.10)
\pgfmatrixcurrentrow=\count308
\pgfmatrixcurrentcolumn=\count309
\pgf@matrix@numberofcolumns=\count310
)
\tikz@expandcount=\count311

("C:/Program Files/MiKTeX/tex/generic/pgf/frontendlayer/tikz/libraries/tikzlibr
arytopaths.code.tex"
File: tikzlibrarytopaths.code.tex 2023-01-15 v3.1.10 (3.1.10)
)))
("C:/Program Files/MiKTeX/tex/latex/pgfplots/pgfplots.sty"
("C:/Program Files/MiKTeX/tex/generic/pgfplots/pgfplots.revision.tex")
Package: pgfplots 2021/05/15 v1.18.1 Data Visualization (1.18.1)

("C:/Program Files/MiKTeX/tex/generic/pgfplots/pgfplots.code.tex"
("C:/Program Files/MiKTeX/tex/generic/pgfplots/pgfplotscore.code.tex"
Package pgfplots info on input line 124: Initializing with LUA version Lua 5.3
\pgfplots@luabackend@table=\catcodetable18
\t@pgfplots@toka=\toks33
\t@pgfplots@tokb=\toks34
\t@pgfplots@tokc=\toks35
\pgfplots@tmpa=\dimen198
\c@pgfplots@coordindex=\count312
\c@pgfplots@scanlineindex=\count313

("C:/Program Files/MiKTeX/tex/generic/pgfplots/sys/pgfplotssysgeneric.code.tex"
)) ("C:/Program Files/MiKTeX/tex/generic/pgfplots/libs/pgfplotslibrary.code.tex
")
("C:/Program Files/MiKTeX/tex/generic/pgfplots/oldpgfcompatib/pgfplotsoldpgfsup
p_loader.code.tex"
("C:/Program Files/MiKTeX/tex/generic/pgf/libraries/pgflibraryfpu.code.tex")
Package pgfplots: loading complementary utilities for your pgf version...
\t@pgf@toka=\toks36
\t@pgf@tokb=\toks37
\t@pgf@tokc=\toks38

("C:/Program Files/MiKTeX/tex/generic/pgfplots/oldpgfcompatib/pgfplotsoldpgfsup
p_pgfutil-common-lists.tex")
("C:/Program Files/MiKTeX/tex/generic/pgf/libraries/luamath/pgflibraryluamath.c
ode.tex")
Package pgfplots info on input line 290: luamath library shipped with pgf 3.1.1
0 is up-to-date
)
("C:/Program Files/MiKTeX/tex/generic/pgfplots/util/pgfplotsutil.code.tex"
Package pgfplots info on input line 82: Found new luatex: initializing lua comm
ands instead of write18 (shell-escape)

("C:/Program Files/MiKTeX/tex/generic/pgfplots/liststructure/pgfplotsliststruct
ure.code.tex")
("C:/Program Files/MiKTeX/tex/generic/pgfplots/liststructure/pgfplotsliststruct
ureext.code.tex")
("C:/Program Files/MiKTeX/tex/generic/pgfplots/liststructure/pgfplotsarray.code
.tex"
\c@pgfplotsarray@tmp=\count314
)
("C:/Program Files/MiKTeX/tex/generic/pgfplots/liststructure/pgfplotsmatrix.cod
e.tex")
("C:/Program Files/MiKTeX/tex/generic/pgfplots/numtable/pgfplotstableshared.cod
e.tex"
\c@pgfplotstable@counta=\count315
\t@pgfplotstable@a=\toks39
)
("C:/Program Files/MiKTeX/tex/generic/pgfplots/liststructure/pgfplotsdeque.code
.tex")
("C:/Program Files/MiKTeX/tex/generic/pgfplots/util/pgfplotsbinary.code.tex"
("C:/Program Files/MiKTeX/tex/generic/pgfplots/util/pgfplotsbinary.data.code.te
x"))
("C:/Program Files/MiKTeX/tex/generic/pgfplots/util/pgfplotsutil.verb.code.tex"
)
("C:/Program Files/MiKTeX/tex/generic/pgfplots/libs/pgflibrarypgfplots.surfshad
ing.code.tex"
\c@pgfplotslibrarysurf@no=\count316

("C:/Program Files/MiKTeX/tex/generic/pgfplots/sys/pgflibrarypgfplots.surfshadi
ng.pgfsys-luatex.def")))
("C:/Program Files/MiKTeX/tex/generic/pgfplots/util/pgfplotscolormap.code.tex"
("C:/Program Files/MiKTeX/tex/generic/pgfplots/util/pgfplotscolor.code.tex"))
("C:/Program Files/MiKTeX/tex/generic/pgfplots/pgfplotsstackedplots.code.tex")
("C:/Program Files/MiKTeX/tex/generic/pgfplots/pgfplotsplothandlers.code.tex"
("C:/Program Files/MiKTeX/tex/generic/pgfplots/pgfplotsmeshplothandler.code.tex
" ("C:/Program Files/MiKTeX/tex/generic/pgfplots/pgfplotsmeshplotimage.code.tex
"))) ("C:/Program Files/MiKTeX/tex/generic/pgfplots/pgfplots.scaling.code.tex") ("C:/Program Files/MiKTeX/tex/generic/pgfplots/pgfplotscoordprocessing.code.tex") ("C:/Program Files/MiKTeX/tex/generic/pgfplots/pgfplots.errorbars.code.tex") ("C:/Program Files/MiKTeX/tex/generic/pgfplots/pgfplots.markers.code.tex")
("C:/Program Files/MiKTeX/tex/generic/pgfplots/pgfplotsticks.code.tex")
("C:/Program Files/MiKTeX/tex/generic/pgfplots/pgfplots.paths.code.tex")
("C:/Program Files/MiKTeX/tex/generic/pgf/frontendlayer/tikz/libraries/tikzlibr
arydecorations.code.tex"
("C:/Program Files/MiKTeX/tex/generic/pgf/modules/pgfmoduledecorations.code.tex
"
\pgfdecoratedcompleteddistance=\dimen199
\pgfdecoratedremainingdistance=\dimen256
\pgfdecoratedinputsegmentcompleteddistance=\dimen257
\pgfdecoratedinputsegmentremainingdistance=\dimen258
\pgf@decorate@distancetomove=\dimen259
\pgf@decorate@repeatstate=\count317
\pgfdecorationsegmentamplitude=\dimen260
\pgfdecorationsegmentlength=\dimen261
)
\tikz@lib@dec@box=\box67
)
("C:/Program Files/MiKTeX/tex/generic/pgf/frontendlayer/tikz/libraries/tikzlibr
arydecorations.pathmorphing.code.tex"
("C:/Program Files/MiKTeX/tex/generic/pgf/libraries/decorations/pgflibrarydecor
ations.pathmorphing.code.tex"))
("C:/Program Files/MiKTeX/tex/generic/pgf/frontendlayer/tikz/libraries/tikzlibr
arydecorations.pathreplacing.code.tex"
("C:/Program Files/MiKTeX/tex/generic/pgf/libraries/decorations/pgflibrarydecor
ations.pathreplacing.code.tex"))
("C:/Program Files/MiKTeX/tex/generic/pgfplots/libs/tikzlibrarypgfplots.contour
lua.code.tex")
\pgfplots@numplots=\count318
\pgfplots@xmin@reg=\dimen262
\pgfplots@xmax@reg=\dimen263
\pgfplots@ymin@reg=\dimen264
\pgfplots@ymax@reg=\dimen265
\pgfplots@zmin@reg=\dimen266
\pgfplots@zmax@reg=\dimen267
)
("C:/Program Files/MiKTeX/tex/generic/pgf/frontendlayer/tikz/libraries/tikzlibr
aryplotmarks.code.tex"
File: tikzlibraryplotmarks.code.tex 2023-01-15 v3.1.10 (3.1.10)

("C:/Program Files/MiKTeX/tex/generic/pgf/libraries/pgflibraryplotmarks.code.te
x"
File: pgflibraryplotmarks.code.tex 2023-01-15 v3.1.10 (3.1.10)
))) ("C:/Program Files/MiKTeX/tex/latex/biblatex/biblatex.sty"
Package: biblatex 2024/03/21 v3.20 programmable bibliographies (PK/MW)

("C:/Program Files/MiKTeX/tex/generic/pdftexcmds/pdftexcmds.sty"
Package: pdftexcmds 2020-06-27 v0.33 Utility functions of pdfTeX for LuaTeX (HO
)

(C:/Users/aulrich1/AppData/Roaming/MiKTeX/tex/generic/infwarerr/infwarerr.sty
Package: infwarerr 2019/12/03 v1.5 Providing info/warning/error messages (HO)
)
(C:/Users/aulrich1/AppData/Roaming/MiKTeX/tex/generic/ltxcmds/ltxcmds.sty
Package: ltxcmds 2023-12-04 v1.26 LaTeX kernel commands for general use (HO)
)
Package pdftexcmds Info: \pdf@primitive is available.
Package pdftexcmds Info: \pdf@ifprimitive is available.
Package pdftexcmds Info: \pdfdraftmode found.
\pdftexcmds@toks=\toks40
)
(C:/Users/aulrich1/AppData/Roaming/MiKTeX/tex/latex/kvoptions/kvoptions.sty
Package: kvoptions 2022-06-15 v3.15 Key value format for package options (HO)

(C:/Users/aulrich1/AppData/Roaming/MiKTeX/tex/latex/kvsetkeys/kvsetkeys.sty
Package: kvsetkeys 2022-10-05 v1.19 Key value parser (HO)
))
(C:/Users/aulrich1/AppData/Roaming/MiKTeX/tex/latex/logreq/logreq.sty
Package: logreq 2010/08/04 v1.0 xml request logger
\lrq@indent=\count319

(C:/Users/aulrich1/AppData/Roaming/MiKTeX/tex/latex/logreq/logreq.def
File: logreq.def 2010/08/04 v1.0 logreq spec v1.0
))
("C:/Program Files/MiKTeX/tex/latex/base/ifthen.sty"
Package: ifthen 2024/03/16 v1.1e Standard LaTeX ifthen package (DPC)
)
("C:/Program Files/MiKTeX/tex/latex/url/url.sty"
\Urlmuskip=\muskip17
Package: url 2013/09/16  ver 3.4  Verb mode for urls, etc.
)
\c@tabx@nest=\count320
\c@listtotal=\count321
\c@listcount=\count322
\c@liststart=\count323
\c@liststop=\count324
\c@citecount=\count325
\c@citetotal=\count326
\c@multicitecount=\count327
\c@multicitetotal=\count328
\c@instcount=\count329
\c@maxnames=\count330
\c@minnames=\count331
\c@maxitems=\count332
\c@minitems=\count333
\c@citecounter=\count334
\c@maxcitecounter=\count335
\c@savedcitecounter=\count336
\c@uniquelist=\count337
\c@uniquename=\count338
\c@refsection=\count339
\c@refsegment=\count340
\c@maxextratitle=\count341
\c@maxextratitleyear=\count342
\c@maxextraname=\count343
\c@maxextradate=\count344
\c@maxextraalpha=\count345
\c@abbrvpenalty=\count346
\c@highnamepenalty=\count347
\c@lownamepenalty=\count348
\c@maxparens=\count349
\c@parenlevel=\count350
\blx@tempcnta=\count351
\blx@tempcntb=\count352
\blx@tempcntc=\count353
\c@blx@maxsection=\count354
\blx@maxsegment@0=\count355
\blx@notetype=\count356
\blx@parenlevel@text=\count357
\blx@parenlevel@foot=\count358
\blx@sectionciteorder@0=\count359
\blx@sectionciteorderinternal@0=\count360
\blx@entrysetcounter=\count361
\blx@biblioinstance=\count362
\labelnumberwidth=\skip67
\labelalphawidth=\skip68
\biblabelsep=\skip69
\bibitemsep=\skip70
\bibnamesep=\skip71
\bibinitsep=\skip72
\bibparsep=\skip73
\bibhang=\skip74
\blx@bcfin=\read4
\blx@bcfout=\write4
\blx@langwohyphens=\language80
\c@mincomprange=\count363
\c@maxcomprange=\count364
\c@mincompwidth=\count365
Package biblatex Info: Trying to load biblatex default data model...
Package biblatex Info: ... file 'blx-dm.def' found.

("C:/Program Files/MiKTeX/tex/latex/biblatex/blx-dm.def"
File: blx-dm.def 2024/03/21 v3.20 biblatex datamodel (PK/MW)
)
Package biblatex Info: Trying to load biblatex custom data model...
Package biblatex Info: ... file 'biblatex-dm.cfg' not found.
\c@afterword=\count366
\c@savedafterword=\count367
\c@annotator=\count368
\c@savedannotator=\count369
\c@author=\count370
\c@savedauthor=\count371
\c@bookauthor=\count372
\c@savedbookauthor=\count373
\c@commentator=\count374
\c@savedcommentator=\count375
\c@editor=\count376
\c@savededitor=\count377
\c@editora=\count378
\c@savededitora=\count379
\c@editorb=\count380
\c@savededitorb=\count381
\c@editorc=\count382
\c@savededitorc=\count383
\c@foreword=\count384
\c@savedforeword=\count385
\c@holder=\count386
\c@savedholder=\count387
\c@introduction=\count388
\c@savedintroduction=\count389
\c@namea=\count390
\c@savednamea=\count391
\c@nameb=\count392
\c@savednameb=\count393
\c@namec=\count394
\c@savednamec=\count395
\c@translator=\count396
\c@savedtranslator=\count397
\c@shortauthor=\count398
\c@savedshortauthor=\count399
\c@shorteditor=\count400
\c@savedshorteditor=\count401
\c@labelname=\count402
\c@savedlabelname=\count403
\c@institution=\count404
\c@savedinstitution=\count405
\c@lista=\count406
\c@savedlista=\count407
\c@listb=\count408
\c@savedlistb=\count409
\c@listc=\count410
\c@savedlistc=\count411
\c@listd=\count412
\c@savedlistd=\count413
\c@liste=\count414
\c@savedliste=\count415
\c@listf=\count416
\c@savedlistf=\count417
\c@location=\count418
\c@savedlocation=\count419
\c@organization=\count420
\c@savedorganization=\count421
\c@origlocation=\count422
\c@savedoriglocation=\count423
\c@origpublisher=\count424
\c@savedorigpublisher=\count425
\c@publisher=\count426
\c@savedpublisher=\count427
\c@language=\count428
\c@savedlanguage=\count429
\c@origlanguage=\count430
\c@savedoriglanguage=\count431
\c@pageref=\count432
\c@savedpageref=\count433
\shorthandwidth=\skip75
\shortjournalwidth=\skip76
\shortserieswidth=\skip77
\shorttitlewidth=\skip78
\shortauthorwidth=\skip79
\shorteditorwidth=\skip80
\locallabelnumberwidth=\skip81
\locallabelalphawidth=\skip82
\localshorthandwidth=\skip83
\localshortjournalwidth=\skip84
\localshortserieswidth=\skip85
\localshorttitlewidth=\skip86
\localshortauthorwidth=\skip87
\localshorteditorwidth=\skip88
Package biblatex Info: Trying to load enhanced support for Unicode engines...
Package biblatex Info: ... file 'blx-unicode.def' found.

("C:/Program Files/MiKTeX/tex/latex/biblatex/blx-unicode.def")
Package biblatex Info: Trying to load compatibility code...
Package biblatex Info: ... file 'blx-compat.def' found.

("C:/Program Files/MiKTeX/tex/latex/biblatex/blx-compat.def"
File: blx-compat.def 2024/03/21 v3.20 biblatex compatibility (PK/MW)
)
Package biblatex Info: Trying to load generic definitions...
Package biblatex Info: ... file 'biblatex.def' found.

("C:/Program Files/MiKTeX/tex/latex/biblatex/biblatex.def"
File: biblatex.def 2024/03/21 v3.20 biblatex compatibility (PK/MW)
\c@textcitecount=\count434
\c@textcitetotal=\count435
\c@textcitemaxnames=\count436
\c@biburlbigbreakpenalty=\count437
\c@biburlbreakpenalty=\count438
\c@biburlnumpenalty=\count439
\c@biburlucpenalty=\count440
\c@biburllcpenalty=\count441
\biburlbigskip=\muskip18
\biburlnumskip=\muskip19
\biburlucskip=\muskip20
\biburllcskip=\muskip21
\c@smartand=\count442
)
Package biblatex Info: Trying to load bibliography style 'numeric'...
Package biblatex Info: ... file 'numeric.bbx' found.

("C:/Program Files/MiKTeX/tex/latex/biblatex/bbx/numeric.bbx"
File: numeric.bbx 2024/03/21 v3.20 biblatex bibliography style (PK/MW)
Package biblatex Info: Trying to load bibliography style 'standard'...
Package biblatex Info: ... file 'standard.bbx' found.

("C:/Program Files/MiKTeX/tex/latex/biblatex/bbx/standard.bbx"
File: standard.bbx 2024/03/21 v3.20 biblatex bibliography style (PK/MW)
\c@bbx:relatedcount=\count443
\c@bbx:relatedtotal=\count444
))
Package biblatex Info: Trying to load citation style 'numeric'...
Package biblatex Info: ... file 'numeric.cbx' found.

("C:/Program Files/MiKTeX/tex/latex/biblatex/cbx/numeric.cbx"
File: numeric.cbx 2024/03/21 v3.20 biblatex citation style (PK/MW)
Package biblatex Info: Redefining '\cite'.
Package biblatex Info: Redefining '\parencite'.
Package biblatex Info: Redefining '\footcite'.
Package biblatex Info: Redefining '\footcitetext'.
Package biblatex Info: Redefining '\smartcite'.
Package biblatex Info: Redefining '\supercite'.
Package biblatex Info: Redefining '\textcite'.
Package biblatex Info: Redefining '\textcites'.
Package biblatex Info: Redefining '\cites'.
Package biblatex Info: Redefining '\parencites'.
Package biblatex Info: Redefining '\smartcites'.
)
Package biblatex Info: Trying to load configuration file...
Package biblatex Info: ... file 'biblatex.cfg' found.

("C:/Program Files/MiKTeX/tex/latex/biblatex/biblatex.cfg"
File: biblatex.cfg 
)
Package biblatex Info: LuaTeX detected.
(biblatex)             Assuming input encoding 'utf8'.
Package biblatex Info: Document encoding is UTF8 ....
Package biblatex Info: ... and expl3
(biblatex)             2024-05-27 L3 programming layer (loader) 
(biblatex)             is new enough (at least 2020/04/06),
(biblatex)             setting 'casechanger=expl3'.

("C:/Program Files/MiKTeX/tex/latex/biblatex/blx-case-expl3.sty"
Package: blx-case-expl3 2024/03/21 v3.20 expl3 case changing code for biblatex
))
("C:/Program Files/MiKTeX/tex/latex/amsmath/amsmath.sty"
Package: amsmath 2024/05/23 v2.17q AMS math features
\@mathmargin=\skip89

For additional information on amsmath, use the `?' option.
("C:/Program Files/MiKTeX/tex/latex/amsmath/amstext.sty"
Package: amstext 2021/08/26 v2.01 AMS text

("C:/Program Files/MiKTeX/tex/latex/amsmath/amsgen.sty"
File: amsgen.sty 1999/11/30 v2.0 generic functions
\@emptytoks=\toks41
\ex@=\dimen268
))
("C:/Program Files/MiKTeX/tex/latex/amsmath/amsbsy.sty"
Package: amsbsy 1999/11/29 v1.2d Bold Symbols
\pmbraise@=\dimen269
)
("C:/Program Files/MiKTeX/tex/latex/amsmath/amsopn.sty"
Package: amsopn 2022/04/08 v2.04 operator names
)
\inf@bad=\count445
LaTeX Info: Redefining \frac on input line 235.
\uproot@=\count446
\leftroot@=\count447
LaTeX Info: Redefining \overline on input line 398.
LaTeX Info: Redefining \colon on input line 409.
\classnum@=\count448
\DOTSCASE@=\count449
LaTeX Info: Redefining \ldots on input line 495.
LaTeX Info: Redefining \dots on input line 498.
LaTeX Info: Redefining \cdots on input line 619.
\Mathstrutbox@=\box68
\strutbox@=\box69
LaTeX Info: Redefining \big on input line 721.
LaTeX Info: Redefining \Big on input line 722.
LaTeX Info: Redefining \bigg on input line 723.
LaTeX Info: Redefining \Bigg on input line 724.
\big@size=\dimen270
LaTeX Font Info:    Redeclaring font encoding OML on input line 742.
LaTeX Font Info:    Redeclaring font encoding OMS on input line 743.
\macc@depth=\count450
LaTeX Info: Redefining \bmod on input line 904.
LaTeX Info: Redefining \pmod on input line 909.
LaTeX Info: Redefining \smash on input line 939.
LaTeX Info: Redefining \relbar on input line 969.
LaTeX Info: Redefining \Relbar on input line 970.
\c@MaxMatrixCols=\count451
\dotsspace@=\muskip22
\c@parentequation=\count452
\dspbrk@lvl=\count453
\tag@help=\toks42
\row@=\count454
\column@=\count455
\maxfields@=\count456
\andhelp@=\toks43
\eqnshift@=\dimen271
\alignsep@=\dimen272
\tagshift@=\dimen273
\tagwidth@=\dimen274
\totwidth@=\dimen275
\lineht@=\dimen276
\@envbody=\toks44
\multlinegap=\skip90
\multlinetaggap=\skip91
\mathdisplay@stack=\toks45
LaTeX Info: Redefining \[ on input line 2953.
LaTeX Info: Redefining \] on input line 2954.
)
("C:/Program Files/MiKTeX/tex/latex/amsfonts/amssymb.sty"
Package: amssymb 2013/01/14 v3.01 AMS font symbols

("C:/Program Files/MiKTeX/tex/latex/amsfonts/amsfonts.sty"
Package: amsfonts 2013/01/14 v3.01 Basic AMSFonts support
\symAMSa=\mathgroup4
\symAMSb=\mathgroup5
LaTeX Font Info:    Redeclaring math symbol \hbar on input line 98.
LaTeX Font Info:    Overwriting math alphabet `\mathfrak' in version `bold'
(Font)                  U/euf/m/n --> U/euf/b/n on input line 106.
))
("C:/Program Files/MiKTeX/tex/latex/hyperref/hyperref.sty"
Package: hyperref 2024-07-10 v7.01j Hypertext links for LaTeX

(C:/Users/aulrich1/AppData/Roaming/MiKTeX/tex/generic/kvdefinekeys/kvdefinekeys
.sty
Package: kvdefinekeys 2019-12-19 v1.6 Define keys (HO)
)
(C:/Users/aulrich1/AppData/Roaming/MiKTeX/tex/generic/pdfescape/pdfescape.sty
Package: pdfescape 2019/12/09 v1.15 Implements pdfTeX's escape features (HO)
)
(C:/Users/aulrich1/AppData/Roaming/MiKTeX/tex/latex/hycolor/hycolor.sty
Package: hycolor 2020-01-27 v1.10 Color options for hyperref/bookmark (HO)
)
("C:/Program Files/MiKTeX/tex/latex/hyperref/nameref.sty"
Package: nameref 2023-11-26 v2.56 Cross-referencing by name of section

(C:/Users/aulrich1/AppData/Roaming/MiKTeX/tex/latex/refcount/refcount.sty
Package: refcount 2019/12/15 v3.6 Data extraction from label references (HO)
)
(C:/Users/aulrich1/AppData/Roaming/MiKTeX/tex/generic/gettitlestring/gettitlest
ring.sty
Package: gettitlestring 2019/12/15 v1.6 Cleanup title references (HO)
)
\c@section@level=\count457
)
(C:/Users/aulrich1/AppData/Roaming/MiKTeX/tex/generic/stringenc/stringenc.sty
Package: stringenc 2019/11/29 v1.12 Convert strings between diff. encodings (HO
)
)
\@linkdim=\dimen277
\Hy@linkcounter=\count458
\Hy@pagecounter=\count459

("C:/Program Files/MiKTeX/tex/latex/hyperref/pd1enc.def"
File: pd1enc.def 2024-07-10 v7.01j Hyperref: PDFDocEncoding definition (HO)
)
(C:/Users/aulrich1/AppData/Roaming/MiKTeX/tex/generic/intcalc/intcalc.sty
Package: intcalc 2019/12/15 v1.3 Expandable calculations with integers (HO)
)
\Hy@SavedSpaceFactor=\count460

("C:/Program Files/MiKTeX/tex/latex/hyperref/puenc.def"
File: puenc.def 2024-07-10 v7.01j Hyperref: PDF Unicode definition (HO)
)
Package hyperref Info: Hyper figures OFF on input line 4157.
Package hyperref Info: Link nesting OFF on input line 4162.
Package hyperref Info: Hyper index ON on input line 4165.
Package hyperref Info: Plain pages OFF on input line 4172.
Package hyperref Info: Backreferencing OFF on input line 4177.
Package hyperref Info: Implicit mode ON; LaTeX internals redefined.
Package hyperref Info: Bookmarks ON on input line 4424.
\c@Hy@tempcnt=\count461
LaTeX Info: Redefining \url on input line 4763.
\XeTeXLinkMargin=\dimen278

(C:/Users/aulrich1/AppData/Roaming/MiKTeX/tex/generic/bitset/bitset.sty
Package: bitset 2019/12/09 v1.3 Handle bit-vector datatype (HO)

(C:/Users/aulrich1/AppData/Roaming/MiKTeX/tex/generic/bigintcalc/bigintcalc.sty
Package: bigintcalc 2019/12/15 v1.5 Expandable calculations on big integers (HO
)
))
\Fld@menulength=\count462
\Field@Width=\dimen279
\Fld@charsize=\dimen280
Package hyperref Info: Hyper figures OFF on input line 6042.
Package hyperref Info: Link nesting OFF on input line 6047.
Package hyperref Info: Hyper index ON on input line 6050.
Package hyperref Info: backreferencing OFF on input line 6057.
Package hyperref Info: Link coloring OFF on input line 6062.
Package hyperref Info: Link coloring with OCG OFF on input line 6067.
Package hyperref Info: PDF/A mode OFF on input line 6072.
 ("C:/Program Files/MiKTeX/tex/latex/base/atbegshi-ltx.sty"
Package: atbegshi-ltx 2021/01/10 v1.0c Emulation of the original atbegshi
package with kernel methods
)
\Hy@abspage=\count463
\c@Item=\count464
\c@Hfootnote=\count465
)
Package hyperref Info: Driver (autodetected): hluatex.

("C:/Program Files/MiKTeX/tex/latex/hyperref/hluatex.def"
File: hluatex.def 2024-07-10 v7.01j Hyperref driver for luaTeX

("C:/Program Files/MiKTeX/tex/latex/base/atveryend-ltx.sty"
Package: atveryend-ltx 2020/08/19 v1.0a Emulation of the original atveryend pac
kage
with kernel methods
)
\Fld@listcount=\count466
\c@bookmark@seq@number=\count467

(C:/Users/aulrich1/AppData/Roaming/MiKTeX/tex/latex/rerunfilecheck/rerunfileche
ck.sty
Package: rerunfilecheck 2022-07-10 v1.10 Rerun checks for auxiliary files (HO)

(C:/Users/aulrich1/AppData/Roaming/MiKTeX/tex/generic/uniquecounter/uniquecount
er.sty
Package: uniquecounter 2019/12/15 v1.4 Provide unlimited unique counter (HO)
)
Package uniquecounter Info: New unique counter `rerunfilecheck' on input line 2
85.
)
\Hy@SectionHShift=\skip92
)
(C:/Users/aulrich1/AppData/Roaming/MiKTeX/tex/latex/koma-script/scrhack.sty
Package: scrhack 2023/07/07 v3.41 KOMA-Script package (hacking other packages)

(C:/Users/aulrich1/AppData/Roaming/MiKTeX/tex/latex/xpatch/xpatch.sty
Package: xpatch 2020/03/25 v0.3a Extending etoolbox patching commands
)
Package scrhack Info: hyperref hack deactivated because of
(scrhack)             detection of hyperref version, that doesn't
(scrhack)             need that hack, on input line 162.
)
("C:/Program Files/MiKTeX/tex/latex/listings/listings.sty"
\lst@mode=\count468
\lst@gtempboxa=\box70
\lst@token=\toks46
\lst@length=\count469
\lst@currlwidth=\dimen281
\lst@column=\count470
\lst@pos=\count471
\lst@lostspace=\dimen282
\lst@width=\dimen283
\lst@newlines=\count472
\lst@lineno=\count473
\lst@maxwidth=\dimen284

("C:/Program Files/MiKTeX/tex/latex/listings/lstpatch.sty"
File: lstpatch.sty 2024/05/25 1.10b (Carsten Heinz)
)
("C:/Program Files/MiKTeX/tex/latex/listings/lstmisc.sty"
File: lstmisc.sty 2024/05/25 1.10b (Carsten Heinz)
\c@lstnumber=\count474
\lst@skipnumbers=\count475
\lst@framebox=\box71
)
("C:/Program Files/MiKTeX/tex/latex/listings/listings.cfg"
File: listings.cfg 2024/05/25 1.10b listings configuration
))
Package scrhack Info: loading listings hack on input line 38.

(C:/Users/aulrich1/AppData/Roaming/MiKTeX/tex/latex/koma-script/listings.hak
File: listings.hak 2023/07/07 v3.41 KOMA-Script scrhack part (hacking package l
istings)


Package scrhack Warning: unknown \lstlistoflistings definition found!
(scrhack)                Maybe you are using a unsupported listings version.

)
Package: listings 2024/05/25 1.10b (Carsten Heinz)
 (C:/Users/aulrich1/AppData/Roaming/MiKTeX/tex/latex/cleveref/cleveref.sty
Package: cleveref 2018/03/27 v0.21.4 Intelligent cross-referencing
Package cleveref Info: `hyperref' support loaded on input line 2370.
LaTeX Info: Redefining \cref on input line 2370.
LaTeX Info: Redefining \Cref on input line 2370.
LaTeX Info: Redefining \crefrange on input line 2370.
LaTeX Info: Redefining \Crefrange on input line 2370.
LaTeX Info: Redefining \cpageref on input line 2370.
LaTeX Info: Redefining \Cpageref on input line 2370.
LaTeX Info: Redefining \cpagerefrange on input line 2370.
LaTeX Info: Redefining \Cpagerefrange on input line 2370.
LaTeX Info: Redefining \labelcref on input line 2370.
LaTeX Info: Redefining \labelcpageref on input line 2370.
Package cleveref Info: `listings' support loaded on input line 3131.
Package cleveref Info: include cross-reference names in hyperlinks on input lin
e 7836.
Package cleveref Info: include cross-reference names in hyperlinks on input lin
e 7852.
Package cleveref Info: no abbreviation of names on input line 7852.
)
("C:/Program Files/MiKTeX/tex/latex/oberdiek/hypcap.sty"
Package: hypcap 2016/05/16 v1.12 Adjusting the anchors of captions (HO)

(C:/Users/aulrich1/AppData/Roaming/MiKTeX/tex/latex/letltxmacro/letltxmacro.sty
Package: letltxmacro 2019/12/03 v1.6 Let assignment for LaTeX macros (HO)
)))
(C:/Users/aulrich1/AppData/Roaming/MiKTeX/tex/latex/glossaries/base/glossaries.
sty
Package: glossaries 2024/04/03 v4.54 (NLCT)
 ("C:/Program Files/MiKTeX/tex/latex/xkeyval/xkeyval.sty"
Package: xkeyval 2022/06/16 v2.9 package option processing (HA)

("C:/Program Files/MiKTeX/tex/generic/xkeyval/xkeyval.tex"
("C:/Program Files/MiKTeX/tex/generic/xkeyval/xkvutils.tex"
\XKV@toks=\toks47
\XKV@tempa@toks=\toks48
)
\XKV@depth=\count476
File: xkeyval.tex 2014/12/03 v2.7a key=value parser (HA)
))
(C:/Users/aulrich1/AppData/Roaming/MiKTeX/tex/latex/mfirstuc/mfirstuc.sty
Package: mfirstuc 2022/10/14 v2.08 (NLCT)
\@glsmfirst=\toks49
\@glsmrest=\toks50
)
(C:/Users/aulrich1/AppData/Roaming/MiKTeX/tex/latex/xfor/xfor.sty
Package: xfor 2009/02/05 v1.05 (NLCT)
)
(C:/Users/aulrich1/AppData/Roaming/MiKTeX/tex/latex/datatool/datatool-base.sty
Package: datatool-base 2019/09/27 v2.32 (NLCT)

(C:/Users/aulrich1/AppData/Roaming/MiKTeX/tex/latex/substr/substr.sty
Package: substr 2009/10/20 v1.2 Handle substrings
\c@su@anzahl=\count477
)
(C:/Users/aulrich1/AppData/Roaming/MiKTeX/tex/latex/datatool/datatool-fp.sty
Package: datatool-fp 2019/09/27 v2.32 (NLCT)

(C:/Users/aulrich1/AppData/Roaming/MiKTeX/tex/latex/fp/fp.sty
Package: fp 1995/04/02

`Fixed Point Package', Version 0.8, April 2, 1995 (C) Michael Mehlich
(C:/Users/aulrich1/AppData/Roaming/MiKTeX/tex/latex/fp/defpattern.sty
Package: defpattern 1994/10/12
\actioncount=\count478
)
(C:/Users/aulrich1/AppData/Roaming/MiKTeX/tex/latex/fp/fp-basic.sty
Package: fp-basic 1996/05/13
\FP@xs=\count479
\FP@xia=\count480
\FP@xib=\count481
\FP@xfa=\count482
\FP@xfb=\count483
\FP@rega=\count484
\FP@regb=\count485
\FP@regs=\count486
\FP@times=\count487
)
(C:/Users/aulrich1/AppData/Roaming/MiKTeX/tex/latex/fp/fp-addons.sty
Package: fp-addons 1995/03/15
)
(C:/Users/aulrich1/AppData/Roaming/MiKTeX/tex/latex/fp/fp-snap.sty
Package: fp-snap 1995/04/05
)
(C:/Users/aulrich1/AppData/Roaming/MiKTeX/tex/latex/fp/fp-exp.sty
Package: fp-exp 1995/04/03
)
(C:/Users/aulrich1/AppData/Roaming/MiKTeX/tex/latex/fp/fp-trigo.sty
Package: fp-trigo 1995/04/14
)
(C:/Users/aulrich1/AppData/Roaming/MiKTeX/tex/latex/fp/fp-pas.sty
Package: fp-pas 1994/08/29
)
(C:/Users/aulrich1/AppData/Roaming/MiKTeX/tex/latex/fp/fp-random.sty
Package: fp-random 1995/02/23
\FPseed=\count488
)
(C:/Users/aulrich1/AppData/Roaming/MiKTeX/tex/latex/fp/fp-eqn.sty
Package: fp-eqn 1995/04/03
)
(C:/Users/aulrich1/AppData/Roaming/MiKTeX/tex/latex/fp/fp-upn.sty
Package: fp-upn 1996/10/21
)
(C:/Users/aulrich1/AppData/Roaming/MiKTeX/tex/latex/fp/fp-eval.sty
Package: fp-eval 1995/04/03
)))
\@dtl@toks=\toks51
\@dtl@tmpcount=\count489
\dtl@tmplength=\skip93
\dtl@sortresult=\count490
\@dtl@numgrpsepcount=\count491
\@dtl@datatype=\count492
\dtl@codeA=\count493
\dtl@codeB=\count494
\@dtl@foreach@level=\count495
)
(C:/Users/aulrich1/AppData/Roaming/MiKTeX/tex/latex/tracklang/tracklang.sty
Package: tracklang 2022/12/13 v1.6.1 (NLCT) Track Languages

(C:/Users/aulrich1/AppData/Roaming/MiKTeX/tex/generic/tracklang/tracklang.tex)) (C:/Users/aulrich1/AppData/Roaming/MiKTeX/tex/latex/translator/translator.sty
Package: translator 2021-05-31 v1.12d Easy translation of strings in LaTeX
)
(C:/Users/aulrich1/AppData/Roaming/MiKTeX/tex/latex/glossaries-english/glossari
es-english.ldf
File: glossaries-english.ldf 2014/11/23 v1.0
)
\gls@level=\count496
\@gls@tmpb=\toks52
\gls@tmplen=\skip94
\glskeylisttok=\toks53
\glslabeltok=\toks54
\glsshorttok=\toks55
\glslongtok=\toks56

(C:/Users/aulrich1/AppData/Roaming/MiKTeX/tex/latex/glossaries/styles/glossary-
hypernav.sty
Package: glossary-hypernav 2024/04/03 v4.54 (NLCT)
)
(C:/Users/aulrich1/AppData/Roaming/MiKTeX/tex/latex/glossaries/styles/glossary-
list.sty
Package: glossary-list 2024/04/03 v4.54 (NLCT)
\glslistdottedwidth=\skip95
)
(C:/Users/aulrich1/AppData/Roaming/MiKTeX/tex/latex/glossaries/styles/glossary-
long.sty
Package: glossary-long 2024/04/03 v4.54 (NLCT)
 ("C:/Program Files/MiKTeX/tex/latex/tools/longtable.sty"
Package: longtable 2024-04-26 v4.20 Multi-page Table package (DPC)
\LTleft=\skip96
\LTright=\skip97
\LTpre=\skip98
\LTpost=\skip99
\LTchunksize=\count497
\LTcapwidth=\dimen285
\LT@head=\box72
\LT@firsthead=\box73
\LT@foot=\box74
\LT@lastfoot=\box75
\LT@gbox=\box76
\LT@cols=\count498
\LT@rows=\count499
\c@LT@tables=\count500
\c@LT@chunks=\count501
\LT@p@ftn=\toks57
)
Class scrreprt Info: longtable captions redefined on input line 47.
\glsdescwidth=\skip100
\glspagelistwidth=\skip101
)
(C:/Users/aulrich1/AppData/Roaming/MiKTeX/tex/latex/glossaries/styles/glossary-
super.sty
Package: glossary-super 2024/04/03 v4.54 (NLCT)

(C:/Users/aulrich1/AppData/Roaming/MiKTeX/tex/latex/supertabular/supertabular.s
ty
Package: supertabular 2024/07/20 v4.2c the supertabular environment
\c@tracingst=\count502
\ST@wd=\dimen286
\ST@rightskip=\skip102
\ST@leftskip=\skip103
\ST@parfillskip=\skip104
\ST@pageleft=\dimen287
\ST@headht=\dimen288
\ST@tailht=\dimen289
\ST@pagesofar=\dimen290
\ST@pboxht=\dimen291
\ST@rowht=\dimen292
\ST@prevht=\dimen293
\ST@toadd=\dimen294
\ST@dimen=\dimen295
\ST@pbox=\box77
))
(C:/Users/aulrich1/AppData/Roaming/MiKTeX/tex/latex/glossaries/styles/glossary-
tree.sty
Package: glossary-tree 2024/04/03 v4.54 (NLCT)
\glstreeindent=\skip105
)) (./definitions.tex
Package hyperref Info: Option `bookmarksnumbered' set `true' on input line 18.

("C:/Program Files/MiKTeX/tex/latex/listings/lstlang1.sty"
File: lstlang1.sty 2024/05/25 1.10b listings language file
)
("C:/Program Files/MiKTeX/tex/latex/listings/lstlang2.sty"
File: lstlang2.sty 2024/05/25 1.10b listings language file
)
("C:/Program Files/MiKTeX/tex/latex/listings/lstlang3.sty"
File: lstlang3.sty 2024/05/25 1.10b listings language file
)
("C:/Program Files/MiKTeX/tex/latex/listings/lstlang1.sty"
File: lstlang1.sty 2024/05/25 1.10b listings language file
)
("C:/Program Files/MiKTeX/tex/latex/listings/lstlang2.sty"
File: lstlang2.sty 2024/05/25 1.10b listings language file
)
("C:/Program Files/MiKTeX/tex/latex/listings/lstlang3.sty"
File: lstlang3.sty 2024/05/25 1.10b listings language file
)
("C:/Program Files/MiKTeX/tex/latex/listings/lstlang1.sty"
File: lstlang1.sty 2024/05/25 1.10b listings language file
)
("C:/Program Files/MiKTeX/tex/latex/listings/lstlang2.sty"
File: lstlang2.sty 2024/05/25 1.10b listings language file
)
("C:/Program Files/MiKTeX/tex/latex/listings/lstlang3.sty"
File: lstlang3.sty 2024/05/25 1.10b listings language file
)
("C:/Program Files/MiKTeX/tex/latex/listings/lstmisc.sty"
File: lstmisc.sty 2024/05/25 1.10b (Carsten Heinz)
)) (./glsdefs.tex)
\glswrite=\write5
\glo@main@file=\write6

\openout6 = thk_latex-template_academic-theses.glo
Package glossaries Info: Writing glossary file thk_latex-template_academic-thes
es.glo on input line 22.
\glo@acronym@file=\write7

\openout7 = thk_latex-template_academic-theses.acn
Package glossaries Info: Writing glossary file thk_latex-template_academic-thes
es.acn on input line 22.
\glo@symbols@file=\write8

\openout8 = thk_latex-template_academic-theses.slo
Package glossaries Info: Writing glossary file thk_latex-template_academic-thes
es.slo on input line 22.
Package csquotes Info: Checking for multilingual support...
Package csquotes Info: ... found 'babel' package.
Package csquotes Info: Adjusting default style.
Package csquotes Info: Redefining alias 'default' -> 'USenglish'.

(./thk_latex-template_academic-theses.aux (./content/chapAbstract.aux)
(./content/chapEinleitung.aux) (./content/chapForm.aux)
(./content/chapGestaltung.aux) (./content/chapLiteratur.aux)
(./content/chapDeclaration.aux))
\openout1 = thk_latex-template_academic-theses.aux

LaTeX Font Info:    Checking defaults for OML/cmm/m/it on input line 43.
LaTeX Font Info:    ... okay on input line 43.
LaTeX Font Info:    Checking defaults for OMS/cmsy/m/n on input line 43.
LaTeX Font Info:    ... okay on input line 43.
LaTeX Font Info:    Checking defaults for OT1/cmr/m/n on input line 43.
LaTeX Font Info:    ... okay on input line 43.
LaTeX Font Info:    Checking defaults for T1/cmr/m/n on input line 43.
LaTeX Font Info:    ... okay on input line 43.
LaTeX Font Info:    Checking defaults for TS1/cmr/m/n on input line 43.
LaTeX Font Info:    Trying to load font information for TS1+cmr on input line 4
3.

("C:/Program Files/MiKTeX/tex/latex/base/ts1cmr.fd"
File: ts1cmr.fd 2023/04/13 v2.5m Standard LaTeX font definitions
)
LaTeX Font Info:    ... okay on input line 43.
LaTeX Font Info:    Checking defaults for TU/lmr/m/n on input line 43.
LaTeX Font Info:    ... okay on input line 43.
LaTeX Font Info:    Checking defaults for OMX/cmex/m/n on input line 43.
LaTeX Font Info:    ... okay on input line 43.
LaTeX Font Info:    Checking defaults for U/cmr/m/n on input line 43.
LaTeX Font Info:    ... okay on input line 43.
LaTeX Font Info:    Checking defaults for PD1/pdf/m/n on input line 43.
LaTeX Font Info:    ... okay on input line 43.
LaTeX Font Info:    Checking defaults for PU/pdf/m/n on input line 43.
LaTeX Font Info:    ... okay on input line 43.
Package scrbase Info: activating USenglish \abstractname on input line 43.
Package scrbase Info: activating USenglish \partname on input line 43.
Package scrbase Info: activating USenglish \chaptername on input line 43.
Package scrbase Info: activating USenglish \appendixname on input line 43.
Package scrbase Info: activating USenglish \figurename on input line 43.
Package scrbase Info: activating USenglish \tablename on input line 43.
Package scrbase Info: activating USenglish \contentsname on input line 43.
Package scrbase Info: activating USenglish \listfigurename on input line 43.
Package scrbase Info: activating USenglish \listtablename on input line 43.
Package scrbase Info: activating USenglish \bibname on input line 43.
Package scrbase Info: activating USenglish \indexname on input line 43.

Package fontspec Info: 
(fontspec)             Adjusting the maths setup (use [no-math] to avoid
(fontspec)             this).

\symlegacymaths=\mathgroup6
LaTeX Font Info:    Overwriting symbol font `legacymaths' in version `bold'
(Font)                  OT1/cmr/m/n --> OT1/cmr/bx/n on input line 43.
LaTeX Font Info:    Redeclaring math accent \acute on input line 43.
LaTeX Font Info:    Redeclaring math accent \grave on input line 43.
LaTeX Font Info:    Redeclaring math accent \ddot on input line 43.
LaTeX Font Info:    Redeclaring math accent \tilde on input line 43.
LaTeX Font Info:    Redeclaring math accent \bar on input line 43.
LaTeX Font Info:    Redeclaring math accent \breve on input line 43.
LaTeX Font Info:    Redeclaring math accent \check on input line 43.
LaTeX Font Info:    Redeclaring math accent \hat on input line 43.
LaTeX Font Info:    Redeclaring math accent \dot on input line 43.
LaTeX Font Info:    Redeclaring math accent \mathring on input line 43.
LaTeX Font Info:    Redeclaring math symbol \Gamma on input line 43.
LaTeX Font Info:    Redeclaring math symbol \Delta on input line 43.
LaTeX Font Info:    Redeclaring math symbol \Theta on input line 43.
LaTeX Font Info:    Redeclaring math symbol \Lambda on input line 43.
LaTeX Font Info:    Redeclaring math symbol \Xi on input line 43.
LaTeX Font Info:    Redeclaring math symbol \Pi on input line 43.
LaTeX Font Info:    Redeclaring math symbol \Sigma on input line 43.
LaTeX Font Info:    Redeclaring math symbol \Upsilon on input line 43.
LaTeX Font Info:    Redeclaring math symbol \Phi on input line 43.
LaTeX Font Info:    Redeclaring math symbol \Psi on input line 43.
LaTeX Font Info:    Redeclaring math symbol \Omega on input line 43.
LaTeX Font Info:    Redeclaring math symbol \mathdollar on input line 43.
LaTeX Font Info:    Redeclaring symbol font `operators' on input line 43.
LaTeX Font Info:    Encoding `OT1' has changed to `TU' for symbol font
(Font)              `operators' in the math version `normal' on input line 43.
LaTeX Font Info:    Overwriting symbol font `operators' in version `normal'
(Font)                  OT1/cmr/m/n --> TU/lmr/m/n on input line 43.
LaTeX Font Info:    Encoding `OT1' has changed to `TU' for symbol font
(Font)              `operators' in the math version `bold' on input line 43.
LaTeX Font Info:    Overwriting symbol font `operators' in version `bold'
(Font)                  OT1/cmr/bx/n --> TU/lmr/m/n on input line 43.
LaTeX Font Info:    Overwriting symbol font `operators' in version `normal'
(Font)                  TU/lmr/m/n --> TU/lmr/m/n on input line 43.
LaTeX Font Info:    Overwriting math alphabet `\mathit' in version `normal'
(Font)                  OT1/cmr/m/it --> TU/lmr/m/it on input line 43.
LaTeX Font Info:    Overwriting math alphabet `\mathbf' in version `normal'
(Font)                  OT1/cmr/bx/n --> TU/lmr/b/n on input line 43.
LaTeX Font Info:    Overwriting math alphabet `\mathsf' in version `normal'
(Font)                  OT1/cmss/m/n --> TU/lmss/m/n on input line 43.
LaTeX Font Info:    Overwriting math alphabet `\mathtt' in version `normal'
(Font)                  OT1/cmtt/m/n --> TU/lmtt/m/n on input line 43.
LaTeX Font Info:    Overwriting symbol font `operators' in version `bold'
(Font)                  TU/lmr/m/n --> TU/lmr/b/n on input line 43.
LaTeX Font Info:    Overwriting math alphabet `\mathit' in version `bold'
(Font)                  OT1/cmr/bx/it --> TU/lmr/b/it on input line 43.
LaTeX Font Info:    Overwriting math alphabet `\mathsf' in version `bold'
(Font)                  OT1/cmss/bx/n --> TU/lmss/b/n on input line 43.
LaTeX Font Info:    Overwriting math alphabet `\mathtt' in version `bold'
(Font)                  OT1/cmtt/m/n --> TU/lmtt/b/n on input line 43.
LaTeX Info: Redefining \microtypecontext on input line 43.
Package microtype Info: Applying patch `item' on input line 43.
Package microtype Info: Applying patch `toc' on input line 43.
Package microtype Info: Applying patch `eqnum' on input line 43.
Package microtype Info: Applying patch `footnote' on input line 43.
Package microtype Info: Applying patch `verbatim' on input line 43.
Package microtype Info: Generating PDF output.
Package microtype Info: Character protrusion enabled (level 2).
Package microtype Info: Using default protrusion set `alltext'.
Package microtype Info: Automatic font expansion enabled (level 2),
(microtype)             stretch: 20, shrink: 20, step: 1, non-selected.
Package microtype Info: Using default expansion set `alltext-nott'.
LaTeX Info: Redefining \showhyphens on input line 43.
Package microtype Info: No adjustment of tracking.
Package microtype Info: No adjustment of spacing.
Package microtype Info: No adjustment of kerning.

(C:/Users/aulrich1/AppData/Roaming/MiKTeX/tex/latex/microtype/mt-LatinModernRom
an.cfg
File: mt-LatinModernRoman.cfg 2021/02/21 v1.1 microtype config. file: Latin Mod
ern Roman (RS)
) ("C:/Program Files/MiKTeX/tex/context/base/mkii/supp-pdf.mkii"
[Loading MPS to PDF converter (version 2006.09.02).]
\scratchcounter=\count503
\scratchdimen=\dimen296
\scratchbox=\box78
\nofMPsegments=\count504
\nofMParguments=\count505
\everyMPshowfont=\toks58
\MPscratchCnt=\count506
\MPscratchDim=\dimen297
\MPnumerator=\count507
\makeMPintoPDFobject=\count508
\everyMPtoPDFconversion=\toks59
) ("C:/Program Files/MiKTeX/tex/latex/epstopdf-pkg/epstopdf-base.sty"
Package: epstopdf-base 2020-01-24 v2.11 Base part for package epstopdf
Package epstopdf-base Info: Redefining graphics rule for `.eps' on input line 4
85.

("C:/Program Files/MiKTeX/tex/latex/00miktex/epstopdf-sys.cfg"
File: epstopdf-sys.cfg 2021/03/18 v2.0 Configuration of epstopdf for MiKTeX
))
Package pgfplots notification 'compat/show suggested version=true': document ha
s been generated with the most recent feature set (\pgfplotsset{compat=1.18}).

Package biblatex Info: Trying to load language 'USenglish'...
Package biblatex Info: ... file 'USenglish.lbx' found.
("C:/Program Files/MiKTeX/tex/latex/biblatex/lbx/USenglish.lbx"
File: USenglish.lbx 2024/03/21 v3.20 biblatex localization (PK/MW)
Package biblatex Info: Trying to load language 'american'...
Package biblatex Info: ... file 'american.lbx' found.

("C:/Program Files/MiKTeX/tex/latex/biblatex/lbx/american.lbx"
File: american.lbx 2024/03/21 v3.20 biblatex localization (PK/MW)
Package biblatex Info: Trying to load language 'english'...
Package biblatex Info: ... file 'english.lbx' found.

("C:/Program Files/MiKTeX/tex/latex/biblatex/lbx/english.lbx"
File: english.lbx 2024/03/21 v3.20 biblatex localization (PK/MW)
))
Package biblatex Info: Trying to load language 'american'...
Package biblatex Info: ... file 'american.lbx' found.

("C:/Program Files/MiKTeX/tex/latex/biblatex/lbx/american.lbx"
File: american.lbx 2024/03/21 v3.20 biblatex localization (PK/MW)
Package biblatex Info: Trying to load language 'english'...
Package biblatex Info: ... file 'english.lbx' found.

("C:/Program Files/MiKTeX/tex/latex/biblatex/lbx/english.lbx"
File: english.lbx 2024/03/21 v3.20 biblatex localization (PK/MW)
)))
Package biblatex Info: LuaTeX detected.
(biblatex)             Assuming input encoding 'utf8'.
Package biblatex Info: Automatic encoding selection.
(biblatex)             Assuming data encoding 'utf8'.

\openout4 = thk_latex-template_academic-theses.bcf
Package biblatex Info: Trying to load bibliographic data...
Package biblatex Info: ... file 'thk_latex-template_academic-theses.bbl' found.


(./thk_latex-template_academic-theses.bbl)
Package biblatex Info: Reference section=0 on input line 43.
Package biblatex Info: Reference segment=0 on input line 43.
Package hyperref Info: Link coloring OFF on input line 43.

(./thk_latex-template_academic-theses.out)
(./thk_latex-template_academic-theses.out)
\@outlinefile=\write9

\openout9 = thk_latex-template_academic-theses.out
Class scrreprt Info: loading recommended package `bookmark'.
(scrreprt)           Using `bookmark' together with `hyperref' is recommended,
(scrreprt)           because of handling of possible bookmark level gaps.
(scrreprt)           You can avoid loading `bookmark' with KOMA-Script option
(scrreprt)           `bookmarkpackage=false' before \begin{document} and
(scrreprt)           you can avoid this message adding:
(scrreprt)             \usepackage{bookmark}
(scrreprt)           before \begin{document} on input line 43.

(C:/Users/aulrich1/AppData/Roaming/MiKTeX/tex/latex/bookmark/bookmark.sty
Package: bookmark 2023-12-10 v1.31 PDF bookmarks (HO)

(C:/Users/aulrich1/AppData/Roaming/MiKTeX/tex/latex/bookmark/bkm-pdftex.def
File: bkm-pdftex.def 2023-12-10 v1.31 bookmark driver for pdfTeX and luaTeX (HO
)
\BKM@id=\count509
))
\c@lstlisting=\count510
Package tocbasic Info: setting babel extension for `lol' on input line 43.
\scr@dte@lstlisting@maxnumwidth=\skip106

(C:/Users/aulrich1/AppData/Roaming/MiKTeX/tex/latex/glossaries-english/glossari
es-dictionary-English.dict
Dictionary: glossaries-dictionary, Language: English 
)
Package scrbase Info: activating USenglish \contentsname on input line 43.
 (./content/Cover.tex
Package microtype Info: Loading generic protrusion settings for font family
(microtype)             `lmss' (encoding: TU).
(microtype)             For optimal results, create family-specific settings.
(microtype)             See the microtype manual for details.
LaTeX Font Info:    Font shape `TU/lmss/m/it' in size <10.95> not available
(Font)              Font shape `TU/lmss/m/sl' tried instead on input line 18.
LaTeX Font Info:    Trying to load font information for U+msa on input line 25.


("C:/Program Files/MiKTeX/tex/latex/amsfonts/umsa.fd"
File: umsa.fd 2013/01/14 v3.01 AMS symbols A
)
(C:/Users/aulrich1/AppData/Roaming/MiKTeX/tex/latex/microtype/mt-msa.cfg
File: mt-msa.cfg 2006/02/04 v1.1 microtype config. file: AMS symbols (a) (RS)
)
LaTeX Font Info:    Trying to load font information for U+msb on input line 25.


("C:/Program Files/MiKTeX/tex/latex/amsfonts/umsb.fd"
File: umsb.fd 2013/01/14 v3.01 AMS symbols B
)
(C:/Users/aulrich1/AppData/Roaming/MiKTeX/tex/latex/microtype/mt-msb.cfg
File: mt-msb.cfg 2005/06/01 v1.0 microtype config. file: AMS symbols (b) (RS)
)
(C:/Users/aulrich1/AppData/Roaming/MiKTeX/tex/latex/microtype/mt-cmr.cfg
File: mt-cmr.cfg 2013/05/19 v2.2 microtype config. file: Computer Modern Roman 
(RS)
)

[1


\openout5 = thk_latex-template_academic-theses.ist


{C:/Users/aulrich1/AppData/Local/MiKTeX/fonts/map/pdftex/pdftex.map}])
\openout2 = content/chapAbstract.aux

(./content/chapAbstract.tex)

[1




]
Package tocbasic Info: character protrusion at toc deactivated on input line 53
.
 (./thk_latex-template_academic-theses.toc

[2





])
\tf@toc=\write10

\openout10 = thk_latex-template_academic-theses.toc


[3]
Package tocbasic Info: character protrusion at lot deactivated on input line 54
.
 (./thk_latex-template_academic-theses.lot)
\tf@lot=\write11

\openout11 = thk_latex-template_academic-theses.lot


[4

]
Package tocbasic Info: character protrusion at lof deactivated on input line 55
.
 (./thk_latex-template_academic-theses.lof)
\tf@lof=\write12

\openout12 = thk_latex-template_academic-theses.lof

No file thk_latex-template_academic-theses.gls.
No file thk_latex-template_academic-theses.acr.
No file thk_latex-template_academic-theses.sls.


[5

]
\openout2 = content/chapEinleitung.aux
 (./content/chapEinleitung.tex
chapter 1.



warning  (pdf backend): ignoring duplicate destination with the name 'page.1'
[1





])

[2]
\openout2 = content/chapForm.aux
 (./content/chapForm.tex
chapter 2.


[3





]

[4])

[5]
\openout2 = content/chapGestaltung.aux
 (./content/chapGestaltung.tex
chapter 3.
Package microtype Info: Loading generic protrusion settings for font family
(microtype)             `lmtt' (encoding: TU).
(microtype)             For optimal results, create family-specific settings.
(microtype)             See the microtype manual for details.


[6





]

[7]

[8]
<images/ThkKunst.png, id=247, 521.95pt x 422.67pt>
File: images/ThkKunst.png Graphic file (type png)
<use images/ThkKunst.png>
Package luatex.def Info: images/ThkKunst.png  used on input line 159.
(luatex.def)             Requested size: 140.81517pt x 114.03212pt.


[9<./images/ThkKunst.png>] (./tikz/figFleuret.tex
PGFPlots: reading {data/pointsFleuret.csv}
PGFPlots: reading {data/pointsFleuret.csv}
)

[10]

[11]

[12]

[13]
Overfull \hbox (8.8413pt too wide) in paragraph at lines 391--399
\TU/lmr/m/n/10.95 sym-bol can then be de-fined in the pream-ble us-ing the com-m
and \TU/lmtt/m/n/10.95 \newglossaryentry{$\OMS/cmsy/m/n/10.95 h$\TU/lmr/m/it/10
.95 la-
 []



[14]

[15]

[16]

[17]
LaTeX Font Info:    Font shape `TU/lmtt/bx/n' in size <10.95> not available
(Font)              Font shape `TU/lmtt/b/n' tried instead on input line 562.
)

[18]
\openout2 = content/chapLiteratur.aux
 (./content/chapLiteratur.tex
chapter 4.


[19





]

[20])

[21]

[22]
chapter without number


[23




]
Overfull \hbox (10.73659pt too wide) in paragraph at lines 68--68
[]\TU/lmr/m/n/10.95 Ul-rike Kip-man, Ul-rike Leopold-Wildburger, and Thomas Re-i
ter. \TU/lmr/m/it/10.95 Wis-senschaftliches
 []


Overfull \hbox (0.98538pt too wide) in paragraph at lines 68--68
[]\TU/lmr/m/n/10.95 Ste-fan Kühtz. \TU/lmr/m/it/10.95 Wis-senschaftlich for-mul
ieren. Tipps und Textbausteine für Studium
 []



[24]
Overfull \hbox (10.88428pt too wide) in paragraph at lines 68--68
[]\TU/lmr/m/n/10.95 Ju-dith Wolfs-berger. \TU/lmr/m/it/10.95 Frei geschrieben. 
Mut, Frei-heit & Strate-gie für wis-senschaftliche
 []



[25]
chapter without number


[26


]
\openout2 = content/chapDeclaration.aux
 (./content/chapDeclaration.tex)

[27


] (./thk_latex-template_academic-theses.aux (./content/chapAbstract.aux)
(./content/chapEinleitung.aux) (./content/chapForm.aux)
(./content/chapGestaltung.aux) (./content/chapLiteratur.aux)
(./content/chapDeclaration.aux))
 ***********
LaTeX2e <2024-06-01> patch level 2
L3 programming layer <2020/03/25>
 ***********
Package rerunfilecheck Info: File `thk_latex-template_academic-theses.out' has 
not changed.
(rerunfilecheck)             Checksum: D41D8CD98F00B204E9800998ECF8427E;0.
Package logreq Info: Writing requests to 'thk_latex-template_academic-theses.ru
n.xml'.

\openout1 = thk_latex-template_academic-theses.run.xml
)

Here is how much of LuaTeX's memory you used:
 60714 strings out of 475915
 100000,2848258 words of node,token memory allocated
 942 words of node memory still in use:
   8 hlist, 2 vlist, 2 rule, 1 local_par, 16 glue, 4 kern, 1 penalty, 3 glyph, 5
2 attribute, 86 glue_spec, 28 attribute_list, 4 write, 1 user_defined nodes
   avail lists: 1:11,2:3167,3:1146,4:449,5:629,6:148,7:7315,8:23,9:1631,10:16,11
:464,12:3
 81667 multiletter control sequences out of 65536+600000
 89 fonts using 7108695 bytes
 115i,23n,160p,10944b,2451s stack positions out of 10000i,1000n,20000p,200000b,200000s

warning  (pdf backend): unreferenced destination with name 'glo:sym:force'

warning  (pdf backend): unreferenced destination with name 'glo:svm'

warning  (pdf backend): unreferenced destination with name 'glo:dog'
<c:/program files/miktex/fonts/opentype/public/lm/lmroman10-bold.otf><c:/program
 files/miktex/fonts/opentype/public/lm/lmmonolt10-bold.otf><c:/program files/mik
tex/fonts/opentype/public/lm/lmmono9-regular.otf><c:/program files/miktex/fonts/
opentype/public/lm/lmroman8-italic.otf><c:/program files/miktex/fonts/opentype/p
ublic/lm/lmromanslant8-regular.otf><c:/program files/miktex/fonts/opentype/publi
c/lm/lmmono10-regular.otf><c:/program files/miktex/fonts/opentype/public/lm/lmro
man10-italic.otf><c:/program files/miktex/fonts/opentype/public/lm/lmromanslant1
0-regular.otf><c:/program files/miktex/fonts/opentype/public/lm/lmroman9-regular
.otf><c:/program files/miktex/fonts/opentype/public/lm/lmroman6-regular.otf><c:/
program files/miktex/fonts/opentype/public/lm/lmroman8-regular.otf><c:/program f
iles/miktex/fonts/opentype/public/lm/lmroman10-regular.otf><c:/program files/mik
tex/fonts/opentype/public/lm/lmsans10-bold.otf><c:/program files/miktex/fonts/op
entype/public/lm/lmsans10-oblique.otf><c:/program files/miktex/fonts/opentype/pu
blic/lm/lmsans10-regular.otf><c:/program files/miktex/fonts/opentype/public/lm/l
msans17-regular.otf><C:/Program Files/MiKTeX/fonts/type1/public/amsfonts/cm/cmex
10.pfb><C:/Program Files/MiKTeX/fonts/type1/public/amsfonts/cm/cmmi10.pfb><C:/Pr
ogram Files/MiKTeX/fonts/type1/public/amsfonts/cm/cmmi8.pfb><C:/Program Files/Mi
KTeX/fonts/type1/public/amsfonts/cm/cmr10.pfb><C:/Program Files/MiKTeX/fonts/typ
e1/public/amsfonts/cm/cmr8.pfb><C:/Program Files/MiKTeX/fonts/type1/public/amsfo
nts/cm/cmsy10.pfb><C:/Program Files/MiKTeX/fonts/type1/public/amsfonts/symbols/m
sbm10.pfb>
Output written on thk_latex-template_academic-theses.pdf (33 pages, 300087 bytes
).

PDF statistics: 713 PDF objects out of 1000 (max. 8388607)
 166 named destinations out of 1000 (max. 131072)
 408 words of extra memory for PDF output out of 10000 (max. 100000000)

